<?xml version="1.0" encoding="UTF-8"?>
<!-- Generated by org.testng.reporters.JUnitXMLReporter -->
<testsuite hostname="LAPTOP-I3V0BKGE" ignored="2" name="Colombia System Automation Tests" tests="6" failures="6" timestamp="23 Feb 2020 04:58:37 GMT" time="0.122" errors="0">
  <testcase name="openSetUpPage" time="0.024" classname="com.colombia.seleniumtests.EaglePortalSetUpTest">
    <failure type="java.lang.Error" message="Unresolved compilation problems: 
	&amp;apos;&amp;lt;&amp;gt;&amp;apos; operator is not allowed for source level below 1.7
	Lambda expressions are allowed only at source level 1.8 or above
	Cannot refer to the non-final local variable k defined in an enclosing scope
	Lambda expressions are allowed only at source level 1.8 or above
	Cannot refer to the non-final local variable k defined in an enclosing scope
	Lambda expressions are allowed only at source level 1.8 or above
	Cannot refer to the non-final local variable k defined in an enclosing scope
">
      <![CDATA[java.lang.Error: Unresolved compilation problems: 
	'<>' operator is not allowed for source level below 1.7
	Lambda expressions are allowed only at source level 1.8 or above
	Cannot refer to the non-final local variable k defined in an enclosing scope
	Lambda expressions are allowed only at source level 1.8 or above
	Cannot refer to the non-final local variable k defined in an enclosing scope
	Lambda expressions are allowed only at source level 1.8 or above
	Cannot refer to the non-final local variable k defined in an enclosing scope

	at com.aventstack.extentreports.configuration.ConfigMap.<init>(ConfigMap.java:12)
	at com.aventstack.extentreports.reporter.ExtentHtmlReporter.loadDefaultConfig(ExtentHtmlReporter.java:71)
	at com.aventstack.extentreports.reporter.ExtentHtmlReporter.<init>(ExtentHtmlReporter.java:57)
	at com.aventstack.extentreports.reporter.ExtentHtmlReporter.<init>(ExtentHtmlReporter.java:61)
	at com.colombia.extentreports.ExtentManager.createInstance(ExtentManager.java:28)
	at com.colombia.extentreports.ExtentManager.getInstance(ExtentManager.java:20)
	at com.colombia.extentreports.ExtentTestManager.<clinit>(ExtentTestManager.java:11)
	at com.colombia.listeners.TestListener.onTestStart(TestListener.java:16)
	at java.util.concurrent.ThreadPoolExecutor.runWorker(ThreadPoolExecutor.java:1149)
	at java.util.concurrent.ThreadPoolExecutor$Worker.run(ThreadPoolExecutor.java:624)
	at java.lang.Thread.run(Thread.java:748)
... Removed 7 stack frames]]>
    </failure>
  </testcase> <!-- openSetUpPage -->
  <testcase name="accessEagleLoginInPage" time="0.024" classname="com.colombia.seleniumtests.EaglePortalLoginTest">
    <failure type="java.lang.NoClassDefFoundError" message="Could not initialize class com.colombia.extentreports.ExtentTestManager">
      <![CDATA[java.lang.NoClassDefFoundError: Could not initialize class com.colombia.extentreports.ExtentTestManager
	at com.colombia.listeners.TestListener.onTestStart(TestListener.java:16)
	at java.util.concurrent.ThreadPoolExecutor.runWorker(ThreadPoolExecutor.java:1149)
	at java.util.concurrent.ThreadPoolExecutor$Worker.run(ThreadPoolExecutor.java:624)
	at java.lang.Thread.run(Thread.java:748)
... Removed 7 stack frames]]>
    </failure>
  </testcase> <!-- accessEagleLoginInPage -->
  <testcase name="accessEagleLoginInPage" time="0.041" classname="com.colombia.seleniumtests.EaglePortalLoginTest">
    <failure type="java.lang.NoClassDefFoundError" message="Could not initialize class com.colombia.extentreports.ExtentTestManager">
      <![CDATA[java.lang.NoClassDefFoundError: Could not initialize class com.colombia.extentreports.ExtentTestManager
	at com.colombia.listeners.TestListener.onTestFailure(TestListener.java:31)
	at java.util.concurrent.ThreadPoolExecutor.runWorker(ThreadPoolExecutor.java:1149)
	at java.util.concurrent.ThreadPoolExecutor$Worker.run(ThreadPoolExecutor.java:624)
	at java.lang.Thread.run(Thread.java:748)
... Removed 7 stack frames]]>
    </failure>
  </testcase> <!-- accessEagleLoginInPage -->
  <testcase name="openSetUpPage" time="0.043" classname="com.colombia.seleniumtests.EaglePortalSetUpTest">
    <failure type="java.lang.NoClassDefFoundError" message="Could not initialize class com.colombia.extentreports.ExtentTestManager">
      <![CDATA[java.lang.NoClassDefFoundError: Could not initialize class com.colombia.extentreports.ExtentTestManager
	at com.colombia.listeners.TestListener.onTestFailure(TestListener.java:31)
	at java.util.concurrent.ThreadPoolExecutor.runWorker(ThreadPoolExecutor.java:1149)
	at java.util.concurrent.ThreadPoolExecutor$Worker.run(ThreadPoolExecutor.java:624)
	at java.lang.Thread.run(Thread.java:748)
... Removed 7 stack frames]]>
    </failure>
  </testcase> <!-- openSetUpPage -->
  <testcase name="eagleFailedTest" time="0.002" classname="com.colombia.seleniumtests.EaglePortalLoginTest">
    <failure type="java.lang.NoClassDefFoundError" message="Could not initialize class com.colombia.extentreports.ExtentTestManager">
      <![CDATA[java.lang.NoClassDefFoundError: Could not initialize class com.colombia.extentreports.ExtentTestManager
	at com.colombia.listeners.TestListener.onTestStart(TestListener.java:16)
	at java.util.concurrent.ThreadPoolExecutor.runWorker(ThreadPoolExecutor.java:1149)
	at java.util.concurrent.ThreadPoolExecutor$Worker.run(ThreadPoolExecutor.java:624)
	at java.lang.Thread.run(Thread.java:748)
... Removed 7 stack frames]]>
    </failure>
  </testcase> <!-- eagleFailedTest -->
  <testcase name="eagleFailedTest" time="0.005" classname="com.colombia.seleniumtests.EaglePortalLoginTest">
    <failure type="java.lang.NoClassDefFoundError" message="Could not initialize class com.colombia.extentreports.ExtentTestManager">
      <![CDATA[java.lang.NoClassDefFoundError: Could not initialize class com.colombia.extentreports.ExtentTestManager
	at com.colombia.listeners.TestListener.onTestFailure(TestListener.java:31)
	at java.util.concurrent.ThreadPoolExecutor.runWorker(ThreadPoolExecutor.java:1149)
	at java.util.concurrent.ThreadPoolExecutor$Worker.run(ThreadPoolExecutor.java:624)
	at java.lang.Thread.run(Thread.java:748)
... Removed 7 stack frames]]>
    </failure>
  </testcase> <!-- eagleFailedTest -->
  <testcase name="@BeforeSuite setUp" time="0.0" classname="com.colombia.seleniumtests.BaseTest">
    <ignored/>
  </testcase> <!-- @BeforeSuite setUp -->
  <testcase name="@AfterSuite clean" time="0.0" classname="com.colombia.seleniumtests.BaseTest">
    <ignored/>
  </testcase> <!-- @AfterSuite clean -->
</testsuite> <!-- Colombia System Automation Tests -->
