<?xml version="1.0" encoding="UTF-8"?>
<testng-results skipped="0" failed="1" ignored="0" total="2" passed="1">
  <reporter-output>
  </reporter-output>
  <suite name="Default suite" duration-ms="5488" started-at="2020-02-23T16:38:50Z" finished-at="2020-02-23T16:38:55Z">
    <groups>
    </groups>
    <test name="Default test" duration-ms="5488" started-at="2020-02-23T16:38:50Z" finished-at="2020-02-23T16:38:55Z">
      <class name="com.colombia.seleniumtests.EaglePortalLoginTest">
        <test-method status="PASS" signature="setUp(java.lang.String, java.lang.String)[pri:0, instance:com.colombia.seleniumtests.EaglePortalLoginTest@53b32d7]" name="setUp" is-config="true" duration-ms="11855" started-at="2020-02-23T22:08:38Z" finished-at="2020-02-23T22:08:50Z">
          <params>
            <param index="0">
              <value>
                <![CDATA[chromedriver]]>
              </value>
            </param>
            <param index="1">
              <value>
                <![CDATA[ChromeSuite]]>
              </value>
            </param>
          </params>
          <reporter-output>
          </reporter-output>
        </test-method> <!-- setUp -->
        <test-method status="PASS" signature="initialize(java.lang.String)[pri:0, instance:com.colombia.seleniumtests.EaglePortalLoginTest@53b32d7]" name="initialize" is-config="true" duration-ms="31" started-at="2020-02-23T22:08:50Z" finished-at="2020-02-23T22:08:50Z">
          <params>
            <param index="0">
              <value>
                <![CDATA[ChromeSuite]]>
              </value>
            </param>
          </params>
          <reporter-output>
          </reporter-output>
        </test-method> <!-- initialize -->
        <test-method status="PASS" signature="accessEagleLoginInPage()[pri:0, instance:com.colombia.seleniumtests.EaglePortalLoginTest@53b32d7]" name="accessEagleLoginInPage" duration-ms="5442" started-at="2020-02-23T22:08:50Z" finished-at="2020-02-23T22:08:55Z">
          <reporter-output>
          </reporter-output>
        </test-method> <!-- accessEagleLoginInPage -->
        <test-method status="FAIL" signature="eagleFailedTest()[pri:1, instance:com.colombia.seleniumtests.EaglePortalLoginTest@53b32d7]" name="eagleFailedTest" duration-ms="0" started-at="2020-02-23T22:08:55Z" finished-at="2020-02-23T22:08:55Z">
          <exception class="java.lang.AssertionError">
            <message>
              <![CDATA[expected [BuddiFail] but found [Buddi]]]>
            </message>
            <full-stacktrace>
              <![CDATA[java.lang.AssertionError: expected [BuddiFail] but found [Buddi]
	at org.testng.Assert.fail(Assert.java:93)
	at org.testng.Assert.failNotEquals(Assert.java:512)
	at org.testng.Assert.assertEqualsImpl(Assert.java:134)
	at org.testng.Assert.assertEquals(Assert.java:115)
	at org.testng.Assert.assertEquals(Assert.java:189)
	at org.testng.Assert.assertEquals(Assert.java:199)
	at com.colombia.seleniumtests.EaglePortalLoginTest.eagleFailedTest(EaglePortalLoginTest.java:32)
	at sun.reflect.NativeMethodAccessorImpl.invoke0(Native Method)
	at sun.reflect.NativeMethodAccessorImpl.invoke(NativeMethodAccessorImpl.java:62)
	at sun.reflect.DelegatingMethodAccessorImpl.invoke(DelegatingMethodAccessorImpl.java:43)
	at java.lang.reflect.Method.invoke(Method.java:498)
	at org.testng.internal.MethodInvocationHelper.invokeMethod(MethodInvocationHelper.java:108)
	at org.testng.internal.Invoker.invokeMethod(Invoker.java:661)
	at org.testng.internal.Invoker.invokeTestMethod(Invoker.java:869)
	at org.testng.internal.Invoker.invokeTestMethods(Invoker.java:1193)
	at org.testng.internal.TestMethodWorker.invokeTestMethods(TestMethodWorker.java:126)
	at org.testng.internal.TestMethodWorker.run(TestMethodWorker.java:109)
	at org.testng.TestRunner.privateRun(TestRunner.java:744)
	at org.testng.TestRunner.run(TestRunner.java:602)
	at org.testng.SuiteRunner.runTest(SuiteRunner.java:380)
	at org.testng.SuiteRunner.runSequentially(SuiteRunner.java:375)
	at org.testng.SuiteRunner.privateRun(SuiteRunner.java:340)
	at org.testng.SuiteRunner.run(SuiteRunner.java:289)
	at org.testng.SuiteRunnerWorker.runSuite(SuiteRunnerWorker.java:52)
	at org.testng.SuiteRunnerWorker.run(SuiteRunnerWorker.java:86)
	at org.testng.TestNG.runSuitesSequentially(TestNG.java:1301)
	at org.testng.TestNG.runSuitesLocally(TestNG.java:1226)
	at org.testng.TestNG.runSuites(TestNG.java:1144)
	at org.testng.TestNG.run(TestNG.java:1115)
	at org.testng.remote.AbstractRemoteTestNG.run(AbstractRemoteTestNG.java:132)
	at org.testng.remote.RemoteTestNG.initAndRun(RemoteTestNG.java:230)
	at org.testng.remote.RemoteTestNG.main(RemoteTestNG.java:76)
]]>
            </full-stacktrace>
          </exception> <!-- java.lang.AssertionError -->
          <reporter-output>
          </reporter-output>
        </test-method> <!-- eagleFailedTest -->
        <test-method status="PASS" signature="clean()[pri:0, instance:com.colombia.seleniumtests.EaglePortalLoginTest@53b32d7]" name="clean" is-config="true" duration-ms="5520" started-at="2020-02-23T22:08:55Z" finished-at="2020-02-23T22:09:01Z">
          <reporter-output>
          </reporter-output>
        </test-method> <!-- clean -->
      </class> <!-- com.colombia.seleniumtests.EaglePortalLoginTest -->
    </test> <!-- Default test -->
  </suite> <!-- Default suite -->
</testng-results>
